<?xml version="1.0" encoding="UTF-8"?>
<coverage generated="1537559048347" clover="3.2.0">
  <project timestamp="1537559048348" name="All files">
    <metrics statements="49" coveredstatements="0" conditionals="2" coveredconditionals="0" methods="14" coveredmethods="0" elements="65" coveredelements="0" complexity="0" loc="49" ncloc="49" packages="7" files="8" classes="8">
      <package name="src">
        <metrics statements="16" coveredstatements="0" conditionals="0" coveredconditionals="0" methods="5" coveredmethods="0"/>
        <file name="home.jsx" path="/Users/n0316256/workspace/friend-zone/src/home.jsx">
          <metrics statements="8" coveredstatements="0" conditionals="0" coveredconditionals="0" methods="4" coveredmethods="0"/>
          <line num="1" count="0" type="stmt"/>
          <line num="2" count="0" type="stmt"/>
          <line num="3" count="0" type="stmt"/>
          <line num="7" count="0" type="stmt"/>
          <line num="8" count="0" type="stmt"/>
          <line num="12" count="0" type="stmt"/>
          <line num="16" count="0" type="stmt"/>
          <line num="23" count="0" type="stmt"/>
        </file>
        <file name="index.js" path="/Users/n0316256/workspace/friend-zone/src/index.js">
          <metrics statements="8" coveredstatements="0" conditionals="0" coveredconditionals="0" methods="1" coveredmethods="0"/>
          <line num="1" count="0" type="stmt"/>
          <line num="2" count="0" type="stmt"/>
          <line num="3" count="0" type="stmt"/>
          <line num="5" count="0" type="stmt"/>
          <line num="6" count="0" type="stmt"/>
          <line num="7" count="0" type="stmt"/>
          <line num="11" count="0" type="stmt"/>
          <line num="25" count="0" type="stmt"/>
        </file>
      </package>
      <package name="src.components.contact">
        <metrics statements="7" coveredstatements="0" conditionals="0" coveredconditionals="0" methods="1" coveredmethods="0"/>
        <file name="contact.jsx" path="/Users/n0316256/workspace/friend-zone/src/components/contact/contact.jsx">
          <metrics statements="7" coveredstatements="0" conditionals="0" coveredconditionals="0" methods="1" coveredmethods="0"/>
          <line num="1" count="0" type="stmt"/>
          <line num="2" count="0" type="stmt"/>
          <line num="3" count="0" type="stmt"/>
          <line num="6" count="0" type="stmt"/>
          <line num="7" count="0" type="stmt"/>
          <line num="9" count="0" type="stmt"/>
          <line num="22" count="0" type="stmt"/>
        </file>
      </package>
      <package name="src.components.contact-details">
        <metrics statements="9" coveredstatements="0" conditionals="0" coveredconditionals="0" methods="3" coveredmethods="0"/>
        <file name="contact-details.jsx" path="/Users/n0316256/workspace/friend-zone/src/components/contact-details/contact-details.jsx">
          <metrics statements="9" coveredstatements="0" conditionals="0" coveredconditionals="0" methods="3" coveredmethods="0"/>
          <line num="1" count="0" type="stmt"/>
          <line num="2" count="0" type="stmt"/>
          <line num="3" count="0" type="stmt"/>
          <line num="4" count="0" type="stmt"/>
          <line num="8" count="0" type="stmt"/>
          <line num="9" count="0" type="stmt"/>
          <line num="10" count="0" type="stmt"/>
          <line num="16" count="0" type="stmt"/>
          <line num="34" count="0" type="stmt"/>
        </file>
      </package>
      <package name="src.components.contact-grid">
        <metrics statements="8" coveredstatements="0" conditionals="2" coveredconditionals="0" methods="2" coveredmethods="0"/>
        <file name="contact-grid.jsx" path="/Users/n0316256/workspace/friend-zone/src/components/contact-grid/contact-grid.jsx">
          <metrics statements="8" coveredstatements="0" conditionals="2" coveredconditionals="0" methods="2" coveredmethods="0"/>
          <line num="1" count="0" type="stmt"/>
          <line num="2" count="0" type="stmt"/>
          <line num="3" count="0" type="stmt"/>
          <line num="8" count="0" type="cond" truecount="0" falsecount="2"/>
          <line num="9" count="0" type="stmt"/>
          <line num="12" count="0" type="stmt"/>
          <line num="14" count="0" type="stmt"/>
          <line num="20" count="0" type="stmt"/>
        </file>
      </package>
      <package name="src.components.header">
        <metrics statements="3" coveredstatements="0" conditionals="0" coveredconditionals="0" methods="1" coveredmethods="0"/>
        <file name="header.jsx" path="/Users/n0316256/workspace/friend-zone/src/components/header/header.jsx">
          <metrics statements="3" coveredstatements="0" conditionals="0" coveredconditionals="0" methods="1" coveredmethods="0"/>
          <line num="1" count="0" type="stmt"/>
          <line num="2" count="0" type="stmt"/>
          <line num="6" count="0" type="stmt"/>
        </file>
      </package>
      <package name="src.components.header-menu">
        <metrics statements="3" coveredstatements="0" conditionals="0" coveredconditionals="0" methods="1" coveredmethods="0"/>
        <file name="header-menu.jsx" path="/Users/n0316256/workspace/friend-zone/src/components/header-menu/header-menu.jsx">
          <metrics statements="3" coveredstatements="0" conditionals="0" coveredconditionals="0" methods="1" coveredmethods="0"/>
          <line num="1" count="0" type="stmt"/>
          <line num="2" count="0" type="stmt"/>
          <line num="6" count="0" type="stmt"/>
        </file>
      </package>
      <package name="src.components.menu">
        <metrics statements="3" coveredstatements="0" conditionals="0" coveredconditionals="0" methods="1" coveredmethods="0"/>
        <file name="menu.jsx" path="/Users/n0316256/workspace/friend-zone/src/components/menu/menu.jsx">
          <metrics statements="3" coveredstatements="0" conditionals="0" coveredconditionals="0" methods="1" coveredmethods="0"/>
          <line num="1" count="0" type="stmt"/>
          <line num="2" count="0" type="stmt"/>
          <line num="6" count="0" type="stmt"/>
        </file>
      </package>
    </metrics>
  </project>
</coverage>
